android/app/build/intermediates/manifest_merge_blame_file/release/manifest-merger-blame-release-report.txt
1<?xml version="1.0" encoding="utf-8"?>
2<manifest xmlns:android="http://schemas.android.com/apk/res/android"
3    package="com.app.lmd"
4    android:versionCode="17"
5    android:versionName="17.0" >
6
7    <uses-sdk
8        android:minSdkVersion="21"
8-->src/main/AndroidManifest.xml
9        android:targetSdkVersion="34" />
9-->src/main/AndroidManifest.xml
10
11    <uses-permission android:name="android.permission.INTERNET" />
11-->src/main/AndroidManifest.xml:5:5-67
11-->src/main/AndroidManifest.xml:5:22-64
12    <uses-permission android:name="android.permission.CAMERA" />
12-->src/main/AndroidManifest.xml:6:5-65
12-->src/main/AndroidManifest.xml:6:22-62
13    <uses-permission android:name="android.permission.WRITE_EXTERNAL_STORAGE" />
13-->src/main/AndroidManifest.xml:7:5-81
13-->src/main/AndroidManifest.xml:7:22-78
14    <uses-permission android:name="android.permission.READ_EXTERNAL_STORAGE" />
14-->src/main/AndroidManifest.xml:8:5-80
14-->src/main/AndroidManifest.xml:8:22-77
15    <uses-permission android:name="android.permission.ACCESS_FINE_LOCATION" />
15-->src/main/AndroidManifest.xml:9:5-78
15-->src/main/AndroidManifest.xml:9:22-76
16    <uses-permission android:name="android.permission.ACCESS_COARSE_LOCATION" />
16-->src/main/AndroidManifest.xml:10:5-80
16-->src/main/AndroidManifest.xml:10:22-78
17    <uses-permission android:name="android.permission.RECORD_AUDIO" />
17-->src/main/AndroidManifest.xml:11:5-71
17-->src/main/AndroidManifest.xml:11:22-68
18    <uses-permission android:name="android.permission.MODIFY_AUDIO_SETTINGS" />
18-->src/main/AndroidManifest.xml:12:5-80
18-->src/main/AndroidManifest.xml:12:22-77
19    <uses-permission android:name="android.permission.DOWNLOAD_WITHOUT_NOTIFICATION" />
19-->src/main/AndroidManifest.xml:13:5-88
19-->src/main/AndroidManifest.xml:13:22-85
20    <uses-permission android:name="android.permission.CAMERA" />
20-->src/main/AndroidManifest.xml:6:5-65
20-->src/main/AndroidManifest.xml:6:22-62
21    <uses-permission android:name="android.permission.READ_MEDIA_IMAGES" />
21-->src/main/AndroidManifest.xml:15:5-76
21-->src/main/AndroidManifest.xml:15:22-73
22
23    <uses-feature android:name="android.hardware.camera" />
23-->src/main/AndroidManifest.xml:18:5-60
23-->src/main/AndroidManifest.xml:18:19-57
24    <uses-feature android:name="android.hardware.camera.autofocus" />
24-->src/main/AndroidManifest.xml:19:5-70
24-->src/main/AndroidManifest.xml:19:19-67
25    <uses-feature android:name="android.hardware.audio.output" />
25-->src/main/AndroidManifest.xml:20:5-66
25-->src/main/AndroidManifest.xml:20:19-63
26    <uses-feature android:name="android.hardware.microphone" />
26-->src/main/AndroidManifest.xml:21:5-64
26-->src/main/AndroidManifest.xml:21:19-61
27
28    <uses-permission android:name="android.permission.ACCESS_NETWORK_STATE" />
28-->src/main/AndroidManifest.xml:23:5-79
28-->src/main/AndroidManifest.xml:23:22-76
29    <uses-permission android:name="android.permission.CHANGE_NETWORK_STATE" />
29-->src/main/AndroidManifest.xml:24:5-79
29-->src/main/AndroidManifest.xml:24:22-76
30    <uses-permission android:name="android.permission.MODIFY_AUDIO_SETTINGS" />
30-->src/main/AndroidManifest.xml:12:5-80
30-->src/main/AndroidManifest.xml:12:22-77
31    <uses-permission
31-->src/main/AndroidManifest.xml:26:5-95
32        android:name="android.permission.BLUETOOTH"
32-->src/main/AndroidManifest.xml:26:22-65
33        android:maxSdkVersion="30" />
33-->src/main/AndroidManifest.xml:26:66-92
34    <uses-permission
34-->src/main/AndroidManifest.xml:27:5-101
35        android:name="android.permission.BLUETOOTH_ADMIN"
35-->src/main/AndroidManifest.xml:27:22-71
36        android:maxSdkVersion="30" />
36-->src/main/AndroidManifest.xml:27:72-98
37    <uses-permission android:name="android.permission.BLUETOOTH_CONNECT" />
37-->src/main/AndroidManifest.xml:28:5-76
37-->src/main/AndroidManifest.xml:28:22-73
38    <uses-permission android:name="android.permission.FOREGROUND_SERVICE" />
38-->src/main/AndroidManifest.xml:29:5-77
38-->src/main/AndroidManifest.xml:29:22-74
39    <uses-permission android:name="android.permission.POST_NOTIFICATIONS" />
39-->src/main/AndroidManifest.xml:31:5-76
39-->src/main/AndroidManifest.xml:31:22-74
40    <uses-permission android:name="android.permission.SCHEDULE_EXACT_ALARM" />
40-->src/main/AndroidManifest.xml:32:5-79
40-->src/main/AndroidManifest.xml:32:22-76
41    <uses-permission android:name="android.permission.VIBRATE" />
41-->src/main/AndroidManifest.xml:35:5-66
41-->src/main/AndroidManifest.xml:35:22-63
42    <uses-permission android:name="android.permission.RECEIVE_BOOT_COMPLETED" />
42-->src/main/AndroidManifest.xml:36:5-80
42-->src/main/AndroidManifest.xml:36:22-78
43    <uses-permission android:name="android.permission.READ_MEDIA_AUDIO" />
43-->src/main/AndroidManifest.xml:37:5-75
43-->src/main/AndroidManifest.xml:37:22-72
44    <!--
45         Required to keep CPU alive while downloading files
46        (NOT to keep screen awake)
47    -->
48    <uses-permission android:name="android.permission.WAKE_LOCK" /> <!-- Required to check whether Wi-Fi is enabled -->
48-->[:react-native-blob-util] AndroidManifest.xml:16:5-68
48-->[:react-native-blob-util] AndroidManifest.xml:16:22-65
49    <uses-permission android:name="android.permission.ACCESS_WIFI_STATE" />
49-->[:react-native-blob-util] AndroidManifest.xml:25:5-76
49-->[:react-native-blob-util] AndroidManifest.xml:25:22-73
50    <uses-permission android:name="android.permission.WRITE_CALENDAR" />
50-->[:react-native-calendar-events] AndroidManifest.xml:9:5-73
50-->[:react-native-calendar-events] AndroidManifest.xml:9:22-70
51    <uses-permission android:name="android.permission.READ_CALENDAR" />
51-->[:react-native-calendar-events] AndroidManifest.xml:10:5-72
51-->[:react-native-calendar-events] AndroidManifest.xml:10:22-69
52
53    <queries>
53-->[:react-native-image-crop-picker] AndroidManifest.xml:9:5-13:15
54        <intent>
54-->[:react-native-image-crop-picker] AndroidManifest.xml:10:9-12:18
55            <action android:name="android.media.action.IMAGE_CAPTURE" />
55-->[:react-native-image-crop-picker] AndroidManifest.xml:11:13-73
55-->[:react-native-image-crop-picker] AndroidManifest.xml:11:21-70
56        </intent>
57        <intent>
57-->[com.razorpay:standard-core:1.7.1] AndroidManifest.xml:11:9-17:18
58            <action android:name="android.intent.action.VIEW" />
58-->src/main/AndroidManifest.xml:63:15-67
58-->src/main/AndroidManifest.xml:63:23-64
59
60            <data
60-->src/main/AndroidManifest.xml:67:15-76
61                android:mimeType="*/*"
62                android:scheme="*" />
62-->src/main/AndroidManifest.xml:67:21-43
63        </intent>
64        <intent>
64-->[com.razorpay:standard-core:1.7.1] AndroidManifest.xml:18:9-27:18
65            <action android:name="android.intent.action.VIEW" />
65-->src/main/AndroidManifest.xml:63:15-67
65-->src/main/AndroidManifest.xml:63:23-64
66
67            <category android:name="android.intent.category.BROWSABLE" />
67-->src/main/AndroidManifest.xml:65:15-76
67-->src/main/AndroidManifest.xml:65:25-73
68
69            <data
69-->src/main/AndroidManifest.xml:67:15-76
70                android:host="pay"
70-->src/main/AndroidManifest.xml:67:44-73
71                android:mimeType="*/*"
72                android:scheme="upi" />
72-->src/main/AndroidManifest.xml:67:21-43
73        </intent>
74        <intent>
74-->[com.razorpay:standard-core:1.7.1] AndroidManifest.xml:28:9-30:18
75            <action android:name="android.intent.action.MAIN" />
75-->src/main/AndroidManifest.xml:57:15-67
75-->src/main/AndroidManifest.xml:57:23-64
76        </intent>
77        <intent>
77-->[com.razorpay:standard-core:1.7.1] AndroidManifest.xml:31:9-35:18
78            <action android:name="android.intent.action.SEND" />
78-->[com.razorpay:standard-core:1.7.1] AndroidManifest.xml:32:13-65
78-->[com.razorpay:standard-core:1.7.1] AndroidManifest.xml:32:21-62
79
80            <data android:mimeType="*/*" />
80-->src/main/AndroidManifest.xml:67:15-76
81        </intent>
82        <intent>
82-->[com.razorpay:standard-core:1.7.1] AndroidManifest.xml:36:9-38:18
83            <action android:name="rzp.device_token.share" />
83-->[com.razorpay:standard-core:1.7.1] AndroidManifest.xml:37:13-61
83-->[com.razorpay:standard-core:1.7.1] AndroidManifest.xml:37:21-58
84        </intent>
85    </queries> <!-- Required by older versions of Google Play services to create IID tokens -->
86    <uses-permission android:name="com.google.android.c2dm.permission.RECEIVE" />
86-->[com.google.firebase:firebase-messaging:23.2.1] AndroidManifest.xml:26:5-82
86-->[com.google.firebase:firebase-messaging:23.2.1] AndroidManifest.xml:26:22-79
87
88    <uses-feature
88-->[com.google.android.gms:play-services-maps:17.0.0] AndroidManifest.xml:26:5-28:35
89        android:glEsVersion="0x00020000"
89-->[com.google.android.gms:play-services-maps:17.0.0] AndroidManifest.xml:27:9-41
90        android:required="true" />
90-->[com.google.android.gms:play-services-maps:17.0.0] AndroidManifest.xml:28:9-32
91
92    <uses-permission android:name="com.google.android.finsky.permission.BIND_GET_INSTALL_REFERRER_SERVICE" />
92-->[com.google.android.gms:play-services-measurement:21.3.0] AndroidManifest.xml:26:5-110
92-->[com.google.android.gms:play-services-measurement:21.3.0] AndroidManifest.xml:26:22-107
93    <uses-permission android:name="com.google.android.gms.permission.AD_ID" />
93-->[com.google.android.gms:play-services-measurement-api:21.3.0] AndroidManifest.xml:25:5-79
93-->[com.google.android.gms:play-services-measurement-api:21.3.0] AndroidManifest.xml:25:22-76
94
95    <permission
95-->[androidx.core:core:1.9.0] AndroidManifest.xml:22:5-24:47
96        android:name="com.app.lmd.DYNAMIC_RECEIVER_NOT_EXPORTED_PERMISSION"
96-->[androidx.core:core:1.9.0] AndroidManifest.xml:23:9-81
97        android:protectionLevel="signature" />
97-->[androidx.core:core:1.9.0] AndroidManifest.xml:24:9-44
98
99    <uses-permission android:name="com.app.lmd.DYNAMIC_RECEIVER_NOT_EXPORTED_PERMISSION" /> <!-- for android -->
99-->[androidx.core:core:1.9.0] AndroidManifest.xml:26:5-97
99-->[androidx.core:core:1.9.0] AndroidManifest.xml:26:22-94
100    <!-- <uses-permission android:name="com.android.launcher.permission.READ_SETTINGS"/> -->
101    <!-- <uses-permission android:name="com.android.launcher.permission.WRITE_SETTINGS"/> -->
102    <!-- <uses-permission android:name="com.android.launcher.permission.INSTALL_SHORTCUT" /> -->
103    <!-- <uses-permission android:name="com.android.launcher.permission.UNINSTALL_SHORTCUT" /> -->
104    <!-- for Samsung -->
105    <uses-permission android:name="com.sec.android.provider.badge.permission.READ" />
105-->[me.leolin:ShortcutBadger:1.1.22] AndroidManifest.xml:19:5-86
105-->[me.leolin:ShortcutBadger:1.1.22] AndroidManifest.xml:19:22-83
106    <uses-permission android:name="com.sec.android.provider.badge.permission.WRITE" /> <!-- for htc -->
106-->[me.leolin:ShortcutBadger:1.1.22] AndroidManifest.xml:20:5-87
106-->[me.leolin:ShortcutBadger:1.1.22] AndroidManifest.xml:20:22-84
107    <uses-permission android:name="com.htc.launcher.permission.READ_SETTINGS" />
107-->[me.leolin:ShortcutBadger:1.1.22] AndroidManifest.xml:23:5-81
107-->[me.leolin:ShortcutBadger:1.1.22] AndroidManifest.xml:23:22-78
108    <uses-permission android:name="com.htc.launcher.permission.UPDATE_SHORTCUT" /> <!-- for sony -->
108-->[me.leolin:ShortcutBadger:1.1.22] AndroidManifest.xml:24:5-83
108-->[me.leolin:ShortcutBadger:1.1.22] AndroidManifest.xml:24:22-80
109    <uses-permission android:name="com.sonyericsson.home.permission.BROADCAST_BADGE" />
109-->[me.leolin:ShortcutBadger:1.1.22] AndroidManifest.xml:27:5-88
109-->[me.leolin:ShortcutBadger:1.1.22] AndroidManifest.xml:27:22-85
110    <uses-permission android:name="com.sonymobile.home.permission.PROVIDER_INSERT_BADGE" /> <!-- for apex -->
110-->[me.leolin:ShortcutBadger:1.1.22] AndroidManifest.xml:28:5-92
110-->[me.leolin:ShortcutBadger:1.1.22] AndroidManifest.xml:28:22-89
111    <uses-permission android:name="com.anddoes.launcher.permission.UPDATE_COUNT" /> <!-- for solid -->
111-->[me.leolin:ShortcutBadger:1.1.22] AndroidManifest.xml:31:5-84
111-->[me.leolin:ShortcutBadger:1.1.22] AndroidManifest.xml:31:22-81
112    <uses-permission android:name="com.majeur.launcher.permission.UPDATE_BADGE" /> <!-- for huawei -->
112-->[me.leolin:ShortcutBadger:1.1.22] AndroidManifest.xml:34:5-83
112-->[me.leolin:ShortcutBadger:1.1.22] AndroidManifest.xml:34:22-80
113    <uses-permission android:name="com.huawei.android.launcher.permission.CHANGE_BADGE" />
113-->[me.leolin:ShortcutBadger:1.1.22] AndroidManifest.xml:37:5-91
113-->[me.leolin:ShortcutBadger:1.1.22] AndroidManifest.xml:37:22-88
114    <uses-permission android:name="com.huawei.android.launcher.permission.READ_SETTINGS" />
114-->[me.leolin:ShortcutBadger:1.1.22] AndroidManifest.xml:38:5-92
114-->[me.leolin:ShortcutBadger:1.1.22] AndroidManifest.xml:38:22-89
115    <uses-permission android:name="com.huawei.android.launcher.permission.WRITE_SETTINGS" /> <!-- for ZUK -->
115-->[me.leolin:ShortcutBadger:1.1.22] AndroidManifest.xml:39:5-93
115-->[me.leolin:ShortcutBadger:1.1.22] AndroidManifest.xml:39:22-90
116    <uses-permission android:name="android.permission.READ_APP_BADGE" /> <!-- for OPPO -->
116-->[me.leolin:ShortcutBadger:1.1.22] AndroidManifest.xml:42:5-73
116-->[me.leolin:ShortcutBadger:1.1.22] AndroidManifest.xml:42:22-70
117    <uses-permission android:name="com.oppo.launcher.permission.READ_SETTINGS" />
117-->[me.leolin:ShortcutBadger:1.1.22] AndroidManifest.xml:45:5-82
117-->[me.leolin:ShortcutBadger:1.1.22] AndroidManifest.xml:45:22-79
118    <uses-permission android:name="com.oppo.launcher.permission.WRITE_SETTINGS" /> <!-- for EvMe -->
118-->[me.leolin:ShortcutBadger:1.1.22] AndroidManifest.xml:46:5-83
118-->[me.leolin:ShortcutBadger:1.1.22] AndroidManifest.xml:46:22-80
119    <uses-permission android:name="me.everything.badger.permission.BADGE_COUNT_READ" />
119-->[me.leolin:ShortcutBadger:1.1.22] AndroidManifest.xml:49:5-88
119-->[me.leolin:ShortcutBadger:1.1.22] AndroidManifest.xml:49:22-85
120    <uses-permission android:name="me.everything.badger.permission.BADGE_COUNT_WRITE" />
120-->[me.leolin:ShortcutBadger:1.1.22] AndroidManifest.xml:50:5-89
120-->[me.leolin:ShortcutBadger:1.1.22] AndroidManifest.xml:50:22-86
121    <uses-permission android:name="android.permission.READ_PHONE_STATE" />
121-->[com.razorpay:core:1.0.1] AndroidManifest.xml:9:5-75
121-->[com.razorpay:core:1.0.1] AndroidManifest.xml:9:22-72
122
123    <application
123-->src/main/AndroidManifest.xml:39:5-112:19
124        android:name="com.app.lmd.MainApplication"
124-->src/main/AndroidManifest.xml:40:7-49
125        android:allowBackup="false"
125-->src/main/AndroidManifest.xml:44:7-34
126        android:appComponentFactory="androidx.core.app.CoreComponentFactory"
126-->[androidx.core:core:1.9.0] AndroidManifest.xml:28:18-86
127        android:icon="@mipmap/ic_launcher"
127-->src/main/AndroidManifest.xml:42:7-41
128        android:label="@string/app_name"
128-->src/main/AndroidManifest.xml:41:7-39
129        android:requestLegacyExternalStorage="true"
129-->src/main/AndroidManifest.xml:45:7-50
130        android:roundIcon="@mipmap/ic_launcher"
130-->src/main/AndroidManifest.xml:43:7-46
131        android:theme="@style/AppTheme" >
131-->src/main/AndroidManifest.xml:46:7-38
132        <activity
132-->src/main/AndroidManifest.xml:47:7-71:18
133            android:name="com.app.lmd.MainActivity"
133-->src/main/AndroidManifest.xml:48:9-48
134            android:configChanges="keyboard|keyboardHidden|orientation|screenLayout|screenSize|smallestScreenSize|uiMode"
134-->src/main/AndroidManifest.xml:50:9-118
135            android:exported="true"
135-->src/main/AndroidManifest.xml:54:9-32
136            android:label="@string/app_name"
136-->src/main/AndroidManifest.xml:49:9-41
137            android:launchMode="singleTask"
137-->src/main/AndroidManifest.xml:51:9-40
138            android:screenOrientation="portrait"
138-->src/main/AndroidManifest.xml:53:9-45
139            android:windowSoftInputMode="adjustResize" >
139-->src/main/AndroidManifest.xml:52:9-51
140            <intent-filter>
140-->src/main/AndroidManifest.xml:56:11-60:27
141                <action android:name="android.intent.action.MAIN" />
141-->src/main/AndroidManifest.xml:57:15-67
141-->src/main/AndroidManifest.xml:57:23-64
142
143                <category android:name="android.intent.category.LAUNCHER" />
143-->src/main/AndroidManifest.xml:58:15-75
143-->src/main/AndroidManifest.xml:58:25-72
144
145                <action android:name="android.intent.action.DOWNLOAD_COMPLETE" />
145-->src/main/AndroidManifest.xml:59:15-79
145-->src/main/AndroidManifest.xml:59:23-77
146            </intent-filter>
147            <intent-filter android:autoVerify="true" >
147-->src/main/AndroidManifest.xml:62:11-69:27
147-->src/main/AndroidManifest.xml:62:26-51
148                <action android:name="android.intent.action.VIEW" />
148-->src/main/AndroidManifest.xml:63:15-67
148-->src/main/AndroidManifest.xml:63:23-64
149
150                <category android:name="android.intent.category.DEFAULT" />
150-->src/main/AndroidManifest.xml:64:15-74
150-->src/main/AndroidManifest.xml:64:25-71
151                <category android:name="android.intent.category.BROWSABLE" />
151-->src/main/AndroidManifest.xml:65:15-76
151-->src/main/AndroidManifest.xml:65:25-73
152
153                <data
153-->src/main/AndroidManifest.xml:67:15-76
154                    android:host="g5ky7.app.link"
154-->src/main/AndroidManifest.xml:67:44-73
155                    android:scheme="https" />
155-->src/main/AndroidManifest.xml:67:21-43
156                <data
156-->src/main/AndroidManifest.xml:67:15-76
157                    android:host="g5ky7-alternate.app.link"
157-->src/main/AndroidManifest.xml:67:44-73
158                    android:scheme="https" />
158-->src/main/AndroidManifest.xml:67:21-43
159            </intent-filter>
160        </activity>
161
162        <meta-data
162-->src/main/AndroidManifest.xml:75:9-77:70
163            android:name="com.google.android.geo.API_KEY"
163-->src/main/AndroidManifest.xml:76:13-58
164            android:value="AIzaSyD6BLhCe-6q5A0DMWadE6xDouCOTnxhJ_k" />
164-->src/main/AndroidManifest.xml:77:13-68
165
166        <!-- Change the value to true to enable pop-up for in foreground on receiving remote notifications (for prevent duplicating while showing local notifications set this to false) -->
167        <meta-data
167-->src/main/AndroidManifest.xml:80:9-81:35
168            android:name="com.dieam.reactnativepushnotification.notification_foreground"
168-->src/main/AndroidManifest.xml:80:21-97
169            android:value="true" />
169-->src/main/AndroidManifest.xml:81:13-33
170        <!-- Change the resource name to your App's accent color - or any other color you want -->
171        <meta-data
171-->src/main/AndroidManifest.xml:83:9-84:46
172            android:name="com.dieam.reactnativepushnotification.notification_color"
172-->src/main/AndroidManifest.xml:83:21-92
173            android:resource="@color/white" /> <!-- or @android:color/{name} to use a standard color -->
173-->src/main/AndroidManifest.xml:84:13-44
174
175        <meta-data
175-->src/main/AndroidManifest.xml:86:9-88:70
176            android:name="com.google.firebase.messaging.default_notification_channel_id"
176-->src/main/AndroidManifest.xml:87:13-89
177            android:value="@string/default_notification_channel_id" />
177-->src/main/AndroidManifest.xml:88:13-68
178
179        <receiver android:name="com.dieam.reactnativepushnotification.modules.RNPushNotificationActions" />
179-->src/main/AndroidManifest.xml:90:9-108
179-->src/main/AndroidManifest.xml:90:19-105
180        <receiver android:name="com.dieam.reactnativepushnotification.modules.RNPushNotificationPublisher" />
180-->src/main/AndroidManifest.xml:91:9-110
180-->src/main/AndroidManifest.xml:91:19-107
181        <receiver
181-->src/main/AndroidManifest.xml:92:9-99:20
182            android:name="com.dieam.reactnativepushnotification.modules.RNPushNotificationBootEventReceiver"
182-->src/main/AndroidManifest.xml:92:19-115
183            android:exported="true" >
183-->src/main/AndroidManifest.xml:93:13-36
184            <intent-filter>
184-->src/main/AndroidManifest.xml:94:13-98:29
185                <action android:name="android.intent.action.BOOT_COMPLETED" />
185-->src/main/AndroidManifest.xml:95:17-79
185-->src/main/AndroidManifest.xml:95:25-76
186                <action android:name="android.intent.action.QUICKBOOT_POWERON" />
186-->src/main/AndroidManifest.xml:96:17-82
186-->src/main/AndroidManifest.xml:96:25-79
187                <action android:name="com.htc.intent.action.QUICKBOOT_POWERON" />
187-->src/main/AndroidManifest.xml:97:17-81
187-->src/main/AndroidManifest.xml:97:25-79
188            </intent-filter>
189        </receiver>
190
191        <service
191-->src/main/AndroidManifest.xml:101:9-107:19
192            android:name="com.dieam.reactnativepushnotification.modules.RNPushNotificationListenerService"
192-->src/main/AndroidManifest.xml:102:13-107
193            android:exported="false" >
193-->src/main/AndroidManifest.xml:103:13-37
194            <intent-filter>
194-->src/main/AndroidManifest.xml:104:13-106:29
195                <action android:name="com.google.firebase.MESSAGING_EVENT" />
195-->src/main/AndroidManifest.xml:105:17-78
195-->src/main/AndroidManifest.xml:105:25-75
196            </intent-filter>
197        </service>
198
199        <meta-data
199-->src/main/AndroidManifest.xml:109:9-119
200            android:name="io.branch.sdk.BranchKey"
200-->src/main/AndroidManifest.xml:109:20-58
201            android:value="key_live_dCticEUncqHbZYEAzhS11pnfDEkLzyZZ" />
201-->src/main/AndroidManifest.xml:109:59-116
202        <meta-data
202-->src/main/AndroidManifest.xml:110:9-82
203            android:name="io.branch.sdk.TestMode"
203-->src/main/AndroidManifest.xml:110:20-57
204            android:value="false" />
204-->src/main/AndroidManifest.xml:110:58-79
205
206        <provider
206-->[:react-native-blob-util] AndroidManifest.xml:37:9-45:20
207            android:name="com.ReactNativeBlobUtil.Utils.FileProvider"
207-->[:react-native-blob-util] AndroidManifest.xml:38:13-70
208            android:authorities="com.app.lmd.provider"
208-->[:react-native-blob-util] AndroidManifest.xml:39:13-60
209            android:exported="false"
209-->[:react-native-blob-util] AndroidManifest.xml:40:13-37
210            android:grantUriPermissions="true" >
210-->[:react-native-blob-util] AndroidManifest.xml:41:13-47
211            <meta-data
211-->[:react-native-blob-util] AndroidManifest.xml:42:13-44:58
212                android:name="android.support.FILE_PROVIDER_PATHS"
212-->[:react-native-blob-util] AndroidManifest.xml:43:17-67
213                android:resource="@xml/provider_paths" />
213-->[:react-native-blob-util] AndroidManifest.xml:44:17-55
214        </provider>
215        <provider
215-->[:react-native-file-viewer] AndroidManifest.xml:10:9-18:20
216            android:name="com.vinzscam.reactnativefileviewer.FileProvider"
216-->[:react-native-file-viewer] AndroidManifest.xml:11:13-75
217            android:authorities="com.app.lmd.provider"
217-->[:react-native-file-viewer] AndroidManifest.xml:12:13-60
218            android:exported="false"
218-->[:react-native-file-viewer] AndroidManifest.xml:13:13-37
219            android:grantUriPermissions="true" >
219-->[:react-native-file-viewer] AndroidManifest.xml:14:13-47
220            <meta-data
220-->[:react-native-blob-util] AndroidManifest.xml:42:13-44:58
221                android:name="android.support.FILE_PROVIDER_PATHS"
221-->[:react-native-blob-util] AndroidManifest.xml:43:17-67
222                android:resource="@xml/file_viewer_provider_paths" />
222-->[:react-native-blob-util] AndroidManifest.xml:44:17-55
223        </provider>
224        <provider
224-->[:react-native-image-crop-picker] AndroidManifest.xml:18:9-26:20
225            android:name="com.reactnative.ivpusic.imagepicker.IvpusicImagePickerFileProvider"
225-->[:react-native-image-crop-picker] AndroidManifest.xml:19:13-94
226            android:authorities="com.app.lmd.provider"
226-->[:react-native-image-crop-picker] AndroidManifest.xml:20:13-60
227            android:exported="false"
227-->[:react-native-image-crop-picker] AndroidManifest.xml:21:13-37
228            android:grantUriPermissions="true" >
228-->[:react-native-image-crop-picker] AndroidManifest.xml:22:13-47
229            <meta-data
229-->[:react-native-blob-util] AndroidManifest.xml:42:13-44:58
230                android:name="android.support.FILE_PROVIDER_PATHS"
230-->[:react-native-blob-util] AndroidManifest.xml:43:17-67
231                android:resource="@xml/ivpusic_imagepicker_provider_paths" />
231-->[:react-native-blob-util] AndroidManifest.xml:44:17-55
232        </provider>
233
234        <activity
234-->[:react-native-image-crop-picker] AndroidManifest.xml:28:9-30:72
235            android:name="com.yalantis.ucrop.UCropActivity"
235-->[:react-native-image-crop-picker] AndroidManifest.xml:29:13-60
236            android:theme="@style/Theme.AppCompat.Light.NoActionBar" />
236-->[:react-native-image-crop-picker] AndroidManifest.xml:30:13-69
237        <activity
237-->[:react-native-razorpay] AndroidManifest.xml:10:9-12:86
238            android:name="com.razorpay.CheckoutActivity"
238-->[:react-native-razorpay] AndroidManifest.xml:11:13-57
239            android:configChanges="keyboard|keyboardHidden|orientation|screenSize"
239-->[:react-native-razorpay] AndroidManifest.xml:12:13-83
240            android:exported="false"
240-->[com.razorpay:standard-core:1.7.1] AndroidManifest.xml:45:13-37
241            android:theme="@style/CheckoutTheme" >
241-->[com.razorpay:standard-core:1.7.1] AndroidManifest.xml:46:13-49
242            <intent-filter>
242-->[com.razorpay:standard-core:1.7.1] AndroidManifest.xml:47:13-49:29
243                <action android:name="android.intent.action.MAIN" />
243-->src/main/AndroidManifest.xml:57:15-67
243-->src/main/AndroidManifest.xml:57:23-64
244            </intent-filter>
245        </activity>
246
247        <service
247-->[com.google.firebase:firebase-analytics-ktx:21.3.0] AndroidManifest.xml:8:9-14:19
248            android:name="com.google.firebase.components.ComponentDiscoveryService"
248-->[com.google.firebase:firebase-analytics-ktx:21.3.0] AndroidManifest.xml:9:13-84
249            android:directBootAware="true"
249-->[com.google.firebase:firebase-common:20.3.3] AndroidManifest.xml:34:13-43
250            android:exported="false" >
250-->[com.google.firebase:firebase-analytics-ktx:21.3.0] AndroidManifest.xml:10:13-37
251            <meta-data
251-->[com.google.firebase:firebase-analytics-ktx:21.3.0] AndroidManifest.xml:11:13-13:85
252                android:name="com.google.firebase.components:com.google.firebase.analytics.ktx.FirebaseAnalyticsKtxRegistrar"
252-->[com.google.firebase:firebase-analytics-ktx:21.3.0] AndroidManifest.xml:12:17-126
253                android:value="com.google.firebase.components.ComponentRegistrar" />
253-->[com.google.firebase:firebase-analytics-ktx:21.3.0] AndroidManifest.xml:13:17-82
254            <meta-data
254-->[com.google.firebase:firebase-common-ktx:20.3.3] AndroidManifest.xml:14:13-16:85
255                android:name="com.google.firebase.components:com.google.firebase.ktx.FirebaseCommonKtxRegistrar"
255-->[com.google.firebase:firebase-common-ktx:20.3.3] AndroidManifest.xml:15:17-113
256                android:value="com.google.firebase.components.ComponentRegistrar" />
256-->[com.google.firebase:firebase-common-ktx:20.3.3] AndroidManifest.xml:16:17-82
257            <meta-data
257-->[com.google.firebase:firebase-messaging:23.2.1] AndroidManifest.xml:53:13-55:85
258                android:name="com.google.firebase.components:com.google.firebase.messaging.FirebaseMessagingRegistrar"
258-->[com.google.firebase:firebase-messaging:23.2.1] AndroidManifest.xml:54:17-119
259                android:value="com.google.firebase.components.ComponentRegistrar" />
259-->[com.google.firebase:firebase-messaging:23.2.1] AndroidManifest.xml:55:17-82
260            <meta-data
260-->[com.google.android.gms:play-services-measurement-api:21.3.0] AndroidManifest.xml:31:13-33:85
261                android:name="com.google.firebase.components:com.google.firebase.analytics.connector.internal.AnalyticsConnectorRegistrar"
261-->[com.google.android.gms:play-services-measurement-api:21.3.0] AndroidManifest.xml:32:17-139
262                android:value="com.google.firebase.components.ComponentRegistrar" />
262-->[com.google.android.gms:play-services-measurement-api:21.3.0] AndroidManifest.xml:33:17-82
263            <meta-data
263-->[com.google.firebase:firebase-datatransport:18.1.7] AndroidManifest.xml:27:13-29:85
264                android:name="com.google.firebase.components:com.google.firebase.datatransport.TransportRegistrar"
264-->[com.google.firebase:firebase-datatransport:18.1.7] AndroidManifest.xml:28:17-115
265                android:value="com.google.firebase.components.ComponentRegistrar" />
265-->[com.google.firebase:firebase-datatransport:18.1.7] AndroidManifest.xml:29:17-82
266            <meta-data
266-->[com.google.firebase:firebase-installations:17.1.4] AndroidManifest.xml:15:13-17:85
267                android:name="com.google.firebase.components:com.google.firebase.installations.FirebaseInstallationsRegistrar"
267-->[com.google.firebase:firebase-installations:17.1.4] AndroidManifest.xml:16:17-127
268                android:value="com.google.firebase.components.ComponentRegistrar" />
268-->[com.google.firebase:firebase-installations:17.1.4] AndroidManifest.xml:17:17-82
269        </service>
270
271        <meta-data